<?xml version="1.0" ?>
<testsuite name="TestDemo-20230729195912" tests="3" time="0.000" failures="0" errors="0">
	<testcase classname="TestDemo" name="test_1" time="0.000"/>
	<testcase classname="TestDemo" name="test_2" time="0.000"/>
	<testcase classname="TestDemo" name="test_3" time="0.000"/>
	<system-out><![CDATA[]]></system-out>
	<system-err><![CDATA[]]></system-err>
</testsuite>
